<?xml version="1.0" encoding="UTF-8"?>
<!-- Generated by org.testng.reporters.JUnitReportReporter -->
<testsuite hostname="wuyuhao" name="com.book.online.book.mapper.BookStyleMapperTest" tests="1" failures="0" timestamp="28 Mar 2018 11:41:36 GMT" time="0.617" errors="0">
  <testcase name="findAll" time="0.617" classname="com.book.online.book.mapper.BookStyleMapperTest"/>
</testsuite> <!-- com.book.online.book.mapper.BookStyleMapperTest -->
