<?xml version="1.0" encoding="UTF-8"?>
<!-- Generated by org.testng.reporters.JUnitReportReporter -->
<testsuite hostname="wuyuhao" name="com.book.online.order.mapper.OrderMapperTest" tests="1" failures="0" timestamp="3 Apr 2018 06:27:34 GMT" time="0.610" errors="0">
  <testcase name="getAllOrders" time="0.610" classname="com.book.online.order.mapper.OrderMapperTest"/>
</testsuite> <!-- com.book.online.order.mapper.OrderMapperTest -->
