<?xml version="1.0" encoding="UTF-8"?>
<!-- Generated by org.testng.reporters.JUnitReportReporter -->
<testsuite hostname="wuyuhao" name="com.book.online.order.mapper.OrderItemMapperTest" tests="1" failures="0" timestamp="2 Apr 2018 12:31:13 GMT" time="0.563" errors="0">
  <testcase name="deleteById" time="0.563" classname="com.book.online.order.mapper.OrderItemMapperTest"/>
</testsuite> <!-- com.book.online.order.mapper.OrderItemMapperTest -->
