<?xml version="1.0" encoding="UTF-8"?>
<!-- Generated by org.testng.reporters.JUnitReportReporter -->
<testsuite hostname="wuyuhao" name="com.book.online.user.service.impl.IUserServiceImplTest" tests="1" failures="0" timestamp="30 Mar 2018 03:04:34 GMT" time="0.624" errors="0">
  <testcase name="register" time="0.624" classname="com.book.online.user.service.impl.IUserServiceImplTest"/>
</testsuite> <!-- com.book.online.user.service.impl.IUserServiceImplTest -->
