<?xml version="1.0" encoding="UTF-8"?>
<!-- Generated by org.testng.reporters.JUnitReportReporter -->
<testsuite hostname="wuyuhao" name="com.book.online.user.mapper.AddressMapperTest" tests="1" failures="0" timestamp="2 Apr 2018 13:11:41 GMT" time="0.634" errors="0">
  <testcase name="save" time="0.634" classname="com.book.online.user.mapper.AddressMapperTest"/>
</testsuite> <!-- com.book.online.user.mapper.AddressMapperTest -->
