<?xml version="1.0" encoding="UTF-8"?>
<!-- Generated by org.testng.reporters.JUnitReportReporter -->
<testsuite hostname="wuyuhao" name="com.book.online.book.mapper.BookMapperTest" tests="1" failures="0" timestamp="30 Mar 2018 02:20:04 GMT" time="0.616" errors="0">
  <testcase name="testFindByCondition" time="0.616" classname="com.book.online.book.mapper.BookMapperTest"/>
</testsuite> <!-- com.book.online.book.mapper.BookMapperTest -->
